{"context":"Database Initialization","level":"error","message":"Application error Database failed to open","service":"forge-mini-chain","stack":"Error: Database failed to open\n    at C:\\Users\\dubci\\Desktop\\mini_chain\\node_modules\\abstract-level\\abstract-level.js:174:17","timestamp":"2025-09-16T03:34:15.593Z","type":"NotOpenError"}
{"context":"Database Initialization","level":"error","message":"Application error Database is not open","service":"forge-mini-chain","stack":"Error: Database is not open\n    at maybeOpened (C:\\Users\\dubci\\Desktop\\mini_chain\\node_modules\\abstract-level\\abstract-level.js:133:18)\n    at C:\\Users\\dubci\\Desktop\\mini_chain\\node_modules\\abstract-level\\abstract-level.js:160:13\n    at process.processTicksAndRejections (node:internal/process/task_queues:85:11)","timestamp":"2025-09-16T06:18:53.350Z","type":"ModuleError"}
{"error":"Do not know how to serialize a BigInt","height":0,"level":"error","message":"Failed to create snapshot","service":"forge-mini-chain","timestamp":"2025-09-16T06:30:45.842Z"}
{"error":"Do not know how to serialize a BigInt","height":1000,"level":"error","message":"Failed to create snapshot","service":"forge-mini-chain","timestamp":"2025-09-16T06:39:15.394Z"}
{"error":"Do not know how to serialize a BigInt","height":2000,"level":"error","message":"Failed to create snapshot","service":"forge-mini-chain","timestamp":"2025-09-16T06:47:45.683Z"}
{"error":"Do not know how to serialize a BigInt","height":3000,"level":"error","message":"Failed to create snapshot","service":"forge-mini-chain","timestamp":"2025-09-16T06:56:13.573Z"}
{"error":"Do not know how to serialize a BigInt","height":4000,"level":"error","message":"Failed to create snapshot","service":"forge-mini-chain","timestamp":"2025-09-16T07:04:42.729Z"}
{"error":"Do not know how to serialize a BigInt","height":5000,"level":"error","message":"Failed to create snapshot","service":"forge-mini-chain","timestamp":"2025-09-16T07:13:19.907Z"}
{"error":"Do not know how to serialize a BigInt","height":6000,"level":"error","message":"Failed to create snapshot","service":"forge-mini-chain","timestamp":"2025-09-16T07:21:56.821Z"}
{"error":"Do not know how to serialize a BigInt","height":7000,"level":"error","message":"Failed to create snapshot","service":"forge-mini-chain","timestamp":"2025-09-16T07:30:30.160Z"}
{"error":"Do not know how to serialize a BigInt","height":8000,"level":"error","message":"Failed to create snapshot","service":"forge-mini-chain","timestamp":"2025-09-16T07:39:01.651Z"}
{"error":"Do not know how to serialize a BigInt","height":9000,"level":"error","message":"Failed to create snapshot","service":"forge-mini-chain","timestamp":"2025-09-16T07:48:10.419Z"}
{"error":"Do not know how to serialize a BigInt","height":10000,"level":"error","message":"Failed to create snapshot","service":"forge-mini-chain","timestamp":"2025-09-16T07:56:50.062Z"}
{"error":"Do not know how to serialize a BigInt","height":11000,"level":"error","message":"Failed to create snapshot","service":"forge-mini-chain","timestamp":"2025-09-16T08:05:52.550Z"}
{"error":"Do not know how to serialize a BigInt","height":12000,"level":"error","message":"Failed to create snapshot","service":"forge-mini-chain","timestamp":"2025-09-16T08:14:33.451Z"}
{"error":"Do not know how to serialize a BigInt","height":13000,"level":"error","message":"Failed to create snapshot","service":"forge-mini-chain","timestamp":"2025-09-16T08:23:10.357Z"}
{"error":"Do not know how to serialize a BigInt","height":14000,"level":"error","message":"Failed to create snapshot","service":"forge-mini-chain","timestamp":"2025-09-16T08:31:44.030Z"}
{"error":"Do not know how to serialize a BigInt","height":15000,"level":"error","message":"Failed to create snapshot","service":"forge-mini-chain","timestamp":"2025-09-16T08:47:40.676Z"}
{"error":"Do not know how to serialize a BigInt","height":16000,"level":"error","message":"Failed to create snapshot","service":"forge-mini-chain","timestamp":"2025-09-16T08:56:13.002Z"}
{"error":"Do not know how to serialize a BigInt","height":17000,"level":"error","message":"Failed to create snapshot","service":"forge-mini-chain","timestamp":"2025-09-16T09:04:48.157Z"}
{"error":"Do not know how to serialize a BigInt","height":18000,"level":"error","message":"Failed to create snapshot","service":"forge-mini-chain","timestamp":"2025-09-16T09:13:16.938Z"}
{"error":"Do not know how to serialize a BigInt","height":19000,"level":"error","message":"Failed to create snapshot","service":"forge-mini-chain","timestamp":"2025-09-16T09:21:44.169Z"}
{"error":"Do not know how to serialize a BigInt","height":20000,"level":"error","message":"Failed to create snapshot","service":"forge-mini-chain","timestamp":"2025-09-16T09:30:10.815Z"}
{"blockHeight":20860,"context":"Block Save","level":"error","message":"Application error Database is not open","service":"forge-mini-chain","stack":"Error: Database is not open\n    at ClassicLevel.batch (C:\\Users\\dubci\\Desktop\\mini_chain\\node_modules\\abstract-level\\abstract-level.js:502:15)\n    at LevelBlockchainDB.saveBlock (C:\\Users\\dubci\\Desktop\\mini_chain\\src\\database.ts:121:29)\n    at Blockchain.addBlock (C:\\Users\\dubci\\Desktop\\mini_chain\\src\\blockchain.ts:273:19)\n    at process.processTicksAndRejections (node:internal/process/task_queues:105:5)\n    at async Timeout._onTimeout (C:\\Users\\dubci\\Desktop\\mini_chain\\src\\node.ts:77:7)","timestamp":"2025-09-16T09:37:25.868Z","type":"ModuleError"}
{"error":"Do not know how to serialize a BigInt","height":0,"level":"error","message":"Failed to create snapshot","service":"forge-mini-chain","timestamp":"2025-09-17T02:20:16.270Z"}
{"error":{"address":"::","code":"EADDRINUSE","errno":-4091,"port":8080,"syscall":"listen"},"level":"error","message":"Uncaught Exception","service":"forge-mini-chain","timestamp":"2025-09-17T03:12:02.504Z"}
{"error":{"address":"::","code":"EADDRINUSE","errno":-4091,"port":8080,"syscall":"listen"},"level":"error","message":"Uncaught Exception","service":"forge-mini-chain","timestamp":"2025-09-17T03:12:35.562Z"}
{"error":{"address":"::","code":"EADDRINUSE","errno":-4091,"port":8080,"syscall":"listen"},"level":"error","message":"Uncaught Exception","service":"forge-mini-chain","timestamp":"2025-09-17T03:13:00.371Z"}
{"error":{"address":"::","code":"EADDRINUSE","errno":-4091,"port":8080,"syscall":"listen"},"level":"error","message":"Uncaught Exception","service":"forge-mini-chain","timestamp":"2025-09-17T03:15:38.651Z"}
{"blockHeight":0,"context":"Block Save","level":"error","message":"Application error Database is not open","service":"forge-mini-chain","stack":"Error: Database is not open\n    at ClassicLevel.batch (C:\\Users\\dubci\\Desktop\\mini_chain\\node_modules\\abstract-level\\abstract-level.js:502:15)\n    at LevelBlockchainDB.saveBlock (C:\\Users\\dubci\\Desktop\\mini_chain\\src\\database.ts:121:29)\n    at Blockchain.addBlock (C:\\Users\\dubci\\Desktop\\mini_chain\\src\\blockchain.ts:273:19)\n    at process.processTicksAndRejections (node:internal/process/task_queues:105:5)\n    at async Timeout._onTimeout (C:\\Users\\dubci\\Desktop\\mini_chain\\src\\node.ts:77:7)","timestamp":"2025-09-17T03:15:39.053Z","type":"ModuleError"}
{"blockHeight":0,"error":"Database is not open","level":"error","message":"Block validation failed","service":"forge-mini-chain","stack":"Error: Database is not open\n    at ClassicLevel.batch (C:\\Users\\dubci\\Desktop\\mini_chain\\node_modules\\abstract-level\\abstract-level.js:502:15)\n    at LevelBlockchainDB.saveBlock (C:\\Users\\dubci\\Desktop\\mini_chain\\src\\database.ts:121:29)\n    at Blockchain.addBlock (C:\\Users\\dubci\\Desktop\\mini_chain\\src\\blockchain.ts:273:19)\n    at process.processTicksAndRejections (node:internal/process/task_queues:105:5)\n    at async Timeout._onTimeout (C:\\Users\\dubci\\Desktop\\mini_chain\\src\\node.ts:77:7)","timestamp":"2025-09-17T03:15:39.078Z"}
{"context":"Block Production","level":"error","mempool_size":0,"message":"Application error Database is not open","service":"forge-mini-chain","stack":"Error: Database is not open\n    at ClassicLevel.batch (C:\\Users\\dubci\\Desktop\\mini_chain\\node_modules\\abstract-level\\abstract-level.js:502:15)\n    at LevelBlockchainDB.saveBlock (C:\\Users\\dubci\\Desktop\\mini_chain\\src\\database.ts:121:29)\n    at Blockchain.addBlock (C:\\Users\\dubci\\Desktop\\mini_chain\\src\\blockchain.ts:273:19)\n    at process.processTicksAndRejections (node:internal/process/task_queues:105:5)\n    at async Timeout._onTimeout (C:\\Users\\dubci\\Desktop\\mini_chain\\src\\node.ts:77:7)","timestamp":"2025-09-17T03:15:39.101Z","type":"ModuleError"}
{"error":"Do not know how to serialize a BigInt","height":0,"level":"error","message":"Failed to create snapshot","service":"forge-mini-chain","timestamp":"2025-09-17T03:29:11.466Z"}
{"blockHeight":297,"context":"Block Save","level":"error","message":"Application error Database is not open","service":"forge-mini-chain","stack":"Error: Database is not open\n    at ClassicLevel.batch (C:\\Users\\dubci\\Desktop\\mini_chain\\node_modules\\abstract-level\\abstract-level.js:502:15)\n    at LevelBlockchainDB.saveBlock (C:\\Users\\dubci\\Desktop\\mini_chain\\src\\database.ts:121:29)\n    at Blockchain.addBlock (C:\\Users\\dubci\\Desktop\\mini_chain\\src\\blockchain.ts:273:19)\n    at process.processTicksAndRejections (node:internal/process/task_queues:105:5)\n    at async Timeout._onTimeout (C:\\Users\\dubci\\Desktop\\mini_chain\\src\\node.ts:77:7)","timestamp":"2025-09-17T03:31:43.268Z","type":"ModuleError"}
